QuestaSim-64 qrun 2024.3_1 Utility 2024.10 Oct 17 2024
Start time: 03:43:06 on Jun 24,2025
qrun -batch -access=rw+/. -uvmhome uvm-1.2 -timescale 1ns/1ns -mfcu design.sv testbench.sv -voptargs="+acc=npr" -do " run -all; exit" 
Creating library 'qrun.out/work'.
Mapping library 'mtiUvm' to 'qrun.out/work'.
QuestaSim-64 vlog 2024.3_1 Compiler 2024.10 Oct 17 2024
Start time: 03:43:07 on Jun 24,2025
vlog -timescale 1ns/1ns -mfcu -ccflags "-Wno-missing-declarations" -ccflags "-Wno-maybe-uninitialized" -ccflags "-Wno-return-type" -ccflags "-DQUESTA" /usr/share/questa/questasim/verilog_src/uvm-1.2/src/dpi/uvm_dpi.cc /usr/share/questa/questasim/verilog_src/uvm-1.2/src/uvm_pkg.sv /usr/share/questa/questasim/verilog_src/questa_uvm_pkg-1.2/src/questa_uvm_pkg.sv design.sv testbench.sv -work qrun.out/work "+incdir+/usr/share/questa/questasim/verilog_src/uvm-1.2/src" -statslog qrun.out/stats_log -writesessionid "+qrun.out/top_dus" -csession=incr 
-- Compiling package uvm_pkg (uvm-1.2 Built-in)
-- Compiling package questa_uvm_pkg
-- Importing package uvm_pkg (uvm-1.2 Built-in)
-- Compiling package uvm_pkg_sv_unit
-- Importing package uvm_pkg (uvm-1.2 Built-in)
-- Compiling module top_tb

Top level modules:
	top_tb
-- Compiling DPI/PLI C++ file /usr/share/questa/questasim/verilog_src/uvm-1.2/src/dpi/uvm_dpi.cc

In file included from /usr/share/questa/questasim/verilog_src/uvm-1.2/src/dpi/uvm_hdl.c:27,
                 from /usr/share/questa/questasim/verilog_src/uvm-1.2/src/dpi/uvm_dpi.cc:37:
/usr/share/questa/questasim/verilog_src/uvm-1.2/src/dpi/uvm_hdl_questa.c: In function 'int uvm_is_vhdl_path(char*)':
/usr/share/questa/questasim/verilog_src/uvm-1.2/src/dpi/uvm_hdl_questa.c:90:12: warning: 'char* strncpy(char*, const char*, size_t)' specified bound depends on the length of the source argument [-Wstringop-overflow=]
   90 |     strncpy(path_copy, path, path_len);
      |     ~~~~~~~^~~~~~~~~~~~~~~~~~~~~~~~~~~
/usr/share/questa/questasim/verilog_src/uvm-1.2/src/dpi/uvm_hdl_questa.c:72:20: note: length computed here
   72 |   path_len = strlen(path);
      |              ~~~~~~^~~~~~

End time: 03:43:08 on Jun 24,2025, Elapsed time: 0:00:01
Errors: 0, Warnings: 0
QuestaSim-64 vopt 2024.3_1 Compiler 2024.10 Oct 17 2024
** Warning: (vopt-10587) Some optimizations are turned off because the +acc switch is in effect. This will cause your simulation to run slowly. Please use -access/-debug to maintain needed visibility. The +acc switch would be deprecated in a future release.
Start time: 03:43:09 on Jun 24,2025
vopt -access=rw+/. -timescale 1ns/1ns -mfcu "+acc=npr" -findtoplevels qrun.out/work+1+ -work qrun.out/work -statslog qrun.out/stats_log -csession=incr -o qrun_opt -csessionid=2 

Top level modules:
	top_tb

Analyzing design...
-- Loading module top_tb
-- Loading package questa_uvm_pkg
Optimizing 4 design-units (inlining 0/1 module instances):
-- Optimizing package uvm_pkg (uvm-1.2 Built-in)(fast)
-- Optimizing package questa_uvm_pkg(fast)
-- Optimizing package uvm_pkg_sv_unit(fast)
-- Optimizing module top_tb(fast)
Optimized design name is qrun_opt
End time: 03:43:13 on Jun 24,2025, Elapsed time: 0:00:04
Errors: 0, Warnings: 1
# vsim -batch -lib qrun.out/work -do " run -all; exit" -statslog qrun.out/stats_log qrun_opt -appendlog -l qrun.log 
# Start time: 03:43:13 on Jun 24,2025
# Loading /tmp/unknown@41de1af2cbe1_dpi_51/linux_x86_64_gcc-10.3.0/export_tramp.so
# //  Questa Sim-64
# //  Version 2024.3_1 linux_x86_64 Oct 17 2024
# //
# // Unpublished work. Copyright 2024 Siemens
# //
# // This material contains trade secrets or otherwise confidential information
# // owned by Siemens Industry Software Inc. or its affiliates (collectively,
# // "SISW"), or its licensors. Access to and use of this information is strictly
# // limited as set forth in the Customer's applicable agreements with SISW.
# //
# // This material may not be copied, distributed, or otherwise disclosed outside
# // of the Customer's facilities without the express written permission of SISW,
# // and may not be used in any way not expressly authorized by SISW.
# //
# Loading sv_std.std
# Loading work.uvm_pkg(fast)
# Loading work.uvm_pkg_sv_unit(fast)
# Loading work.questa_uvm_pkg(fast)
# Loading work.top_tb(fast)
# Compiling /tmp/unknown@41de1af2cbe1_dpi_51/linux_x86_64_gcc-10.3.0/exportwrapper.c
# Loading /tmp/unknown@41de1af2cbe1_dpi_51/linux_x86_64_gcc-10.3.0/vsim_auto_compile.so
# 
# run -all
# UVM_INFO /usr/share/questa/questasim/verilog_src/uvm-1.2/src/base/uvm_root.svh(392) @ 0: reporter [UVM/RELNOTES] 
# ----------------------------------------------------------------
# UVM-1.2
# (C) 2007-2014 Mentor Graphics Corporation
# (C) 2007-2014 Cadence Design Systems, Inc.
# (C) 2006-2014 Synopsys, Inc.
# (C) 2011-2013 Cypress Semiconductor Corp.
# (C) 2013-2014 NVIDIA Corporation
# ----------------------------------------------------------------
# 
#   ***********       IMPORTANT RELEASE NOTES         ************
# 
#   You are using a version of the UVM library that has been compiled
#   with `UVM_NO_DEPRECATED undefined.
#   See http://www.eda.org/svdb/view.php?id=3313 for more details.
# 
#   You are using a version of the UVM library that has been compiled
#   with `UVM_OBJECT_DO_NOT_NEED_CONSTRUCTOR undefined.
#   See http://www.eda.org/svdb/view.php?id=3770 for more details.
# 
#       (Specify +UVM_NO_RELNOTES to turn off this notice)
# 
# UVM_INFO /usr/share/questa/questasim/verilog_src/questa_uvm_pkg-1.2/src/questa_uvm_pkg.sv(277) @ 0: reporter [Questa UVM] QUESTA_UVM-1.2.3
# UVM_INFO /usr/share/questa/questasim/verilog_src/questa_uvm_pkg-1.2/src/questa_uvm_pkg.sv(278) @ 0: reporter [Questa UVM]  questa_uvm::init(+struct)
# ---------------------------------------------------------
# Name           Type           Size  Value                
# ---------------------------------------------------------
# reg_blk_h      reg_blk        -     @355                 
#   reg0_h       reg0           -     @357                 
#     f0         uvm_reg_field  ...    RW reg0_h[7:0]=8'h00
#   default_map  uvm_reg_map    -     @360                 
#     endian                    ...   UVM_LITTLE_ENDIAN    
#     reg0_h     reg0           ...   @357 +'h0            
# ---------------------------------------------------------
# exit
# End time: 03:43:15 on Jun 24,2025, Elapsed time: 0:00:02
# Errors: 0, Warnings: 0
End time: 03:43:15 on Jun 24,2025, Elapsed time: 0:00:09
*** Summary *********************************************
    qrun: Errors:   0, Warnings:   0
    vlog: Errors:   0, Warnings:   0
    vopt: Errors:   0, Warnings:   1
    vsim: Errors:   0, Warnings:   0
  Totals: Errors:   0, Warnings:   1
